0000000000000000 0000000000000401 b __fixedpath
0000000000000000 A __start__
0000000000000000 T _start
0000000000000000 b _TLS_MODULE_BASE_
0000000000000080 t startup
00000000000000a4 t bssclr_start
00000000000000cc t bss_loop
0000000000000120 T __nx_exit
0000000000000130 T __nx_mod0
0000000000000150 T _init
00000000000001c0 0000000000000038 T exit
0000000000000200 00000000000003fc T main
0000000000000408 0000000000002000 b tmp_buffer.7224
0000000000000600 t deregister_tm_clones
0000000000000630 t register_tm_clones
0000000000000668 t __do_global_dtors_aux
00000000000006b0 t frame_dummy
00000000000006f0 0000000000000114 T jyear
0000000000000810 0000000000000094 T jhms
00000000000008b0 00000000000000b4 T meanphase
0000000000000970 0000000000000608 T truephase
0000000000000f80 0000000000000144 T phasehunt
00000000000010d0 0000000000000098 T nextmoon
0000000000001170 00000000000000a4 T kepler
0000000000001220 00000000000000c4 T jdate
00000000000012f0 000000000000005c T jtime
0000000000001350 00000000000002a0 T phase
00000000000015f0 0000000000000220 T atan
0000000000001810 00000000000000a8 T cos
00000000000018b8 0000000000000008 T fabs
00000000000018c0 00000000000000b0 T sin
0000000000001970 0000000000000070 T tan
00000000000019e0 00000000000002dc T __ieee754_rem_pio2
0000000000001cc0 0000000000000130 T __kernel_cos
0000000000001df0 0000000000000844 T __kernel_rem_pio2
0000000000002408 0000000000002000 b tmp_buffer.7248
0000000000002638 000000000000009c T __kernel_sin
00000000000026d8 00000000000001e8 T __kernel_tan
00000000000028c0 0000000000000008 T floor
00000000000028c8 000000000000010c T scalbn
00000000000029e0 0000000000000220 t ipcPrepareHeader
0000000000002c00 000000000000022c t ipcParse
0000000000002e30 0000000000000078 t ipcConvertSessionToDomain
0000000000002eb0 0000000000000084 t ipcCloneSession.constprop.48
0000000000002f40 0000000000000034 t ipcCloseObjectById
0000000000002f80 000000000000018c t _appletGetOperationMode.constprop.40
0000000000003110 000000000000019c t _appletReceiveMessage
00000000000032b0 000000000000018c t _appletGetCurrentFocusState.constprop.42
0000000000003440 0000000000000164 t _appletCmdNoIO
00000000000035b0 000000000000018c t _appletGetPerformanceMode.constprop.41
0000000000003740 00000000000001d8 t _appletGetSession
0000000000003920 000000000000017c t _appletCmdNoInOut64
0000000000003aa0 0000000000000164 t _appletSetOperationModeChangedNotification.constprop.43
0000000000003c10 0000000000000164 t _appletSetPerformanceModeChangedNotification.constprop.44
0000000000003d80 000000000000016c t _appletSetOutOfFocusSuspendingEnabled
0000000000003ef0 000000000000017c t _appletSetFocusHandlingMode
0000000000004070 0000000000000178 t _appletGetHandle.constprop.39
00000000000041f0 0000000000000054 t _appletGetEvent.constprop.38
0000000000004250 00000000000001f0 t _appletGetSessionProxy.constprop.37
0000000000004440 0000000000000010 T appletGetAppletType
0000000000004450 00000000000000f0 T appletSetFocusHandlingMode
0000000000004540 0000000000000028 T appletGetAppletResourceUserId
0000000000004570 00000000000001f4 T appletNotifyRunning
0000000000004770 00000000000001dc T appletSetGamePlayRecordingState
0000000000004950 000000000000069c T appletExit
0000000000004ff0 00000000000004f0 T appletInitialize
00000000000054e0 0000000000000010 t _appletExitProcess
00000000000054f0 0000000000000014 T appletCreateManagedDisplayLayer
0000000000005510 000000000000005c T appletGetMessage
0000000000005570 0000000000000118 T appletProcessMessage
0000000000005690 0000000000000034 T appletMainLoop
00000000000056d0 0000000000000034 t ipcCloseObjectById
0000000000005710 0000000000000124 t _hidGetSharedMemoryHandle.constprop.10
0000000000005840 0000000000000100 t _hidCmdWithNoInput
0000000000005940 0000000000000134 t _hidCreateAppletResource.constprop.9
0000000000005a80 000000000000010c t _hidCmdWithInputU32
0000000000005b90 0000000000000108 t _hidCmdWithInputU64.constprop.11
0000000000005ca0 00000000000001e0 T hidReset
0000000000005e80 000000000000000c T hidGetSharedmemAddr
0000000000005e90 000000000000006c T hidKeysDown
0000000000005f00 000000000000000c T hidTouchCount
0000000000005f10 0000000000000578 T hidScanInput
0000000000006490 0000000000000198 T hidSetSupportedNpadIdType
0000000000006630 000000000000000c T hidSetSupportedNpadStyleSet
0000000000006640 0000000000000008 T hidSetNpadJoyHoldType
0000000000006650 000000000000000c T hidSetNpadJoyAssignmentModeDual
0000000000006660 000000000000012c T hidExit
0000000000006790 0000000000000168 T hidInitialize
0000000000006900 0000000000000034 t ipcCloseObjectById
0000000000006940 0000000000000124 t _apmGetSession.constprop.4
0000000000006a70 00000000000000f0 T apmExit
0000000000006b60 000000000000008c T apmInitialize
0000000000006bf0 00000000000000cc T apmSetPerformanceConfiguration
0000000000006cc0 0000000000000044 T smAddOverrideHandle
0000000000006d10 0000000000000060 T smGetServiceOverride
0000000000006d70 0000000000000014 T smHasInitialized
0000000000006d90 000000000000005c T smExit
0000000000006df0 0000000000000038 T smEncodeName
0000000000006e30 000000000000012c T smGetServiceOriginal
0000000000006f60 0000000000000158 T smInitialize
00000000000070c0 0000000000000074 T smGetService
0000000000007140 0000000000000140 t _fatalImpl
0000000000007280 0000000000000014 T fatalWithType
00000000000072a0 0000000000000014 T fatalSimple
00000000000072c0 0000000000000010 T hosversionGet
00000000000072d0 0000000000000010 T hosversionSet
00000000000072e0 0000000000000208 T envSetup
00000000000074f0 0000000000000020 T envGetMainThreadHandle
0000000000007510 000000000000000c T envIsNso
0000000000007520 0000000000000014 T envHasHeapOverride
0000000000007540 000000000000000c T envGetHeapOverrideAddr
0000000000007550 000000000000000c T envGetHeapOverrideSize
0000000000007560 0000000000000014 T envHasArgv
0000000000007580 000000000000000c T envGetArgv
0000000000007590 000000000000000c T envGetExitFuncPtr
00000000000075a0 000000000000000c T envSetExitFuncPtr
00000000000075b0 0000000000000044 t consoleDrawChar
0000000000007600 0000000000000140 t consoleClearLine
0000000000007740 000000000000004c t consoleNewRow
0000000000007790 0000000000000118 t consolePrintChar
00000000000078b0 000000000000015c t consoleCls
0000000000007a10 00000000000007e0 t con_write
00000000000081f0 000000000000011c T consoleInit
0000000000008310 0000000000000048 T consoleExit
0000000000008360 0000000000000028 T consoleUpdate
0000000000008390 0000000000000070 t ConsoleSwRenderer_flushAndSwap
0000000000008400 00000000000000c4 t ConsoleSwRenderer_scrollWindow
00000000000084d0 0000000000000188 t ConsoleSwRenderer_drawChar
0000000000008660 000000000000003c t ConsoleSwRenderer_deinit
00000000000086a0 00000000000000f4 t ConsoleSwRenderer_init
00000000000087a0 000000000000000c W getDefaultConsoleRenderer
00000000000087ac T svcSetHeapSize
00000000000087c0 T svcSetMemoryAttribute
00000000000087c8 T svcUnmapMemory
00000000000087d0 T svcQueryMemory
00000000000087e4 T svcExitProcess
00000000000087ec T svcSleepThread
00000000000087f4 T svcMapSharedMemory
00000000000087fc T svcUnmapSharedMemory
0000000000008804 T svcCreateTransferMemory
0000000000008818 T svcCloseHandle
0000000000008820 T svcResetSignal
0000000000008828 T svcWaitSynchronization
000000000000883c T svcArbitrateLock
0000000000008844 T svcArbitrateUnlock
000000000000884c T svcWaitProcessWideKeyAtomic
0000000000008854 T svcSignalProcessWideKey
000000000000885c T svcConnectToNamedPort
0000000000008870 T svcSendSyncRequest
0000000000008878 T svcBreak
0000000000008880 T svcReturnFromException
0000000000008888 T svcGetInfo
000000000000889c T svcUnmapTransferMemory
00000000000088b0 000000000000017c T detectKernelVersion
0000000000008a30 0000000000000030 T detectDebugger
0000000000008a60 00000000000000a8 T tmemCreate
0000000000008b10 0000000000000058 T tmemUnmap
0000000000008b70 0000000000000068 T tmemClose
0000000000008be0 0000000000000104 t _waitLoop
0000000000008cf0 0000000000000338 t _waitObjectsImpl
0000000000009030 000000000000000c T waitObjects
0000000000009040 0000000000000058 T rwlockReadLock
00000000000090a0 000000000000005c T rwlockReadUnlock
0000000000009100 0000000000000084 T rwlockWriteLock
0000000000009190 000000000000003c T rwlockWriteUnlock
00000000000091d0 000000000000008c T mutexLock
0000000000009260 0000000000000030 T mutexUnlock
0000000000009290 000000000000004c T rmutexLock
00000000000092e0 000000000000001c T rmutexUnlock
0000000000009300 0000000000000014 T shmemLoadRemote
0000000000009320 0000000000000084 T shmemMap
00000000000093b0 0000000000000058 T shmemUnmap
0000000000009410 0000000000000044 T shmemClose
0000000000009460 000000000000007c t _GetRegionFromInfo.isra.1
00000000000094e0 0000000000000114 T virtmemSetup
0000000000009600 000000000000013c T virtmemReserve
0000000000009740 0000000000000004 T virtmemFree
0000000000009750 000000000000000c T eventLoadRemote
0000000000009760 0000000000000038 T eventWait
00000000000097a0 0000000000000050 T eventClose
00000000000097f0 0000000000000060 T condvarWaitTimeout
0000000000009850 000000000000000c T nwindowGetDefault
0000000000009860 00000000000000c8 T __nx_win_init
0000000000009930 0000000000000034 T __nx_win_exit
0000000000009970 0000000000000080 T framebufferMakeLinear
00000000000099f0 0000000000000078 T framebufferClose
0000000000009a70 0000000000000298 T framebufferCreate
0000000000009d10 0000000000000080 T framebufferBegin
0000000000009d90 000000000000017c T framebufferEnd
0000000000009f10 0000000000000054 t _nwindowConnect
0000000000009f70 0000000000000040 t _nwindowDisconnect
0000000000009fb0 0000000000000024 T nwindowIsValid
0000000000009fe0 000000000000006c T nwindowClose
000000000000a050 00000000000000c4 T nwindowCreate
000000000000a120 000000000000000c T nwindowCreateFromLayer
000000000000a130 0000000000000088 T nwindowSetDimensions
000000000000a1c0 0000000000000154 T nwindowConfigureBuffer
000000000000a320 00000000000001e4 T nwindowDequeueBuffer
000000000000a510 0000000000000144 T nwindowQueueBuffer
000000000000a660 00000000000000ac T nwindowReleaseBuffers
000000000000a710 00000000000000a0 T __nx_dynamic
000000000000a7b0 00000000000000d8 W __libnx_initheap
000000000000a890 00000000000000dc W __appInit
000000000000a970 0000000000000044 W __appExit
000000000000a9c0 0000000000000028 W __libnx_init
000000000000a9f0 0000000000000020 W __libnx_exit
000000000000aa10 000000000000001c T __syscall_exit
000000000000aa30 0000000000000034 T __syscall_getreent
000000000000aa70 0000000000000004 T __syscall_lock_acquire
000000000000aa80 0000000000000004 T __syscall_lock_release
000000000000aa90 0000000000000004 T __syscall_lock_acquire_recursive
000000000000aaa0 0000000000000004 T __syscall_lock_release_recursive
000000000000aab0 000000000000027c T __libnx_init_time
000000000000ad30 000000000000008c T __syscall_gettod_r
000000000000adc0 0000000000000080 T newlibSetup
000000000000ae40 0000000000000324 T argvSetup
000000000000b170 0000000000000010 t fsdev_link
000000000000b180 0000000000000010 t fsdev_dirreset
000000000000b190 0000000000000010 t fsdev_chmod
000000000000b1a0 000000000000001c t error_cmp
000000000000b1c0 0000000000000058 t fsdev_translate_error
000000000000b220 0000000000000040 t fsdev_fsync
000000000000b260 0000000000000060 t fsdev_ftruncate
000000000000b2c0 0000000000000020 t fsdev_dirclose
000000000000b2e0 000000000000016c t fsdev_dirnext
000000000000b450 000000000000001c t fsdev_close
000000000000b470 00000000000000a4 t fsdev_fstat
000000000000b520 00000000000000b0 t fsdev_seek
000000000000b5d0 0000000000000198 t fsdev_read
000000000000b770 00000000000001a0 t fsdev_write
000000000000b910 0000000000000120 t fsdevFindDevice
000000000000ba30 0000000000000140 t _fsdevMountDevice
000000000000bb70 00000000000001fc t fsdev_getfspath
000000000000bd70 0000000000000070 t fsdev_rmdir
000000000000bde0 00000000000000d4 t fsdev_statvfs
000000000000bec0 00000000000000ec t fsdev_diropen
000000000000bfb0 0000000000000070 t fsdev_mkdir
000000000000c020 0000000000000114 t fsdev_rename
000000000000c140 00000000000000e8 t fsdev_chdir
000000000000c230 0000000000000070 t fsdev_unlink
000000000000c2a0 00000000000001bc t fsdev_stat
000000000000c460 000000000000019c t fsdev_open
000000000000c600 00000000000000b8 t _fsdevUnmountDeviceStruct.part.4
000000000000c6c0 0000000000000010 t fsdev_fchmod
000000000000c6d0 0000000000000170 T fsdevMountSdmc
000000000000c840 0000000000000064 T fsdevUnmountAll
000000000000c8b0 000000000000012c T decode_utf8
000000000000c9dc T armDCacheFlush
000000000000ca00 t armDCacheFlush_L0
000000000000ca18 W __libnx_exception_entry
000000000000caa4 t __libnx_exception_entry_start
000000000000cbcc t __libnx_exception_entry_abort
000000000000cbd0 t __libnx_exception_entry_end
000000000000cbd8 T __libnx_exception_returnentry
000000000000cbf0 T __aarch64_read_tp
000000000000cc00 0000000000000034 t ipcCloseObjectById
000000000000cc40 000000000000012c t _timeGetSession
000000000000cd70 00000000000001ec T timeExit
000000000000cf60 00000000000000d8 T timeInitialize
000000000000d040 0000000000000124 T timeGetCurrentTime
000000000000d170 0000000000000118 T timeToCalendarTimeWithMyRule
000000000000d290 0000000000000034 t ipcCloseObjectById
000000000000d2d0 0000000000000134 t _viGetSession.constprop.7
000000000000d410 00000000000001e4 T viExit
000000000000d600 00000000000002f8 T viInitialize
000000000000d900 000000000000000c T viGetSession_IHOSBinderDriverRelay
000000000000d910 0000000000000140 T viOpenDisplay
000000000000da50 0000000000000104 T viCloseDisplay
000000000000db60 0000000000000104 T viCloseLayer
000000000000dc70 0000000000000370 T viCreateLayer
000000000000dfe0 00000000000000e8 T viSetLayerScalingMode
000000000000e0d0 0000000000000034 t ipcCloseObjectById
000000000000e110 00000000000000d8 t _nvSetClientPID
000000000000e1f0 00000000000000c8 t ipcQueryPointerBufferSize.constprop.10
000000000000e2c0 00000000000000f0 t _nvInitialize.constprop.8
000000000000e3b0 000000000000010c t ipcCloneSession.constprop.9
000000000000e4c0 0000000000000100 T nvExit
000000000000e5c0 0000000000000184 T nvInitialize
000000000000e750 000000000000012c T nvConvertError
000000000000e880 000000000000012c T nvOpen
000000000000e9b0 0000000000000270 T nvIoctl
000000000000ec20 00000000000000dc T nvClose
000000000000ed00 000000000000015c T nvQueryEvent
000000000000ee60 0000000000000220 t ipcPrepareHeader
000000000000f080 000000000000022c t ipcParse
000000000000f2b0 00000000000000b0 t serviceIpcParse
000000000000f360 0000000000000034 t ipcCloseObjectById
000000000000f3a0 0000000000000200 T fsInitialize
000000000000f5a0 000000000000009c T fsExit
000000000000f640 00000000000001cc T fsMountSdcard
000000000000f810 00000000000001a4 T fsFsCreateFile
000000000000f9c0 000000000000019c T fsFsDeleteFile
000000000000fb60 000000000000019c T fsFsCreateDirectory
000000000000fd00 000000000000019c T fsFsDeleteDirectory
000000000000fea0 0000000000000214 T fsFsRenameFile
00000000000100c0 0000000000000214 T fsFsRenameDirectory
00000000000102e0 00000000000001b0 T fsFsGetEntryType
0000000000010490 00000000000001e4 T fsFsOpenFile
0000000000010680 00000000000001f8 T fsFsOpenDirectory
0000000000010880 00000000000001b0 T fsFsGetFreeSpace
0000000000010a30 00000000000001b0 T fsFsGetTotalSpace
0000000000010be0 0000000000000194 T fsFsGetFileTimeStampRaw
0000000000010d80 000000000000006c T fsFsClose
0000000000010df0 00000000000001f0 T fsFileRead
0000000000010fe0 00000000000001b8 T fsFileWrite
00000000000111a0 000000000000016c T fsFileFlush
0000000000011310 0000000000000174 T fsFileSetSize
0000000000011490 0000000000000194 T fsFileGetSize
0000000000011630 000000000000006c T fsFileClose
00000000000116a0 000000000000006c T fsDirClose
0000000000011710 00000000000001ec T fsDirRead
0000000000011900 0000000000000034 t ipcCloseObjectById
0000000000011940 00000000000001d4 t _setsysGetFirmwareVersionImpl
0000000000011b20 000000000000003c T setsysInitialize
0000000000011b60 000000000000009c T setsysExit
0000000000011c00 0000000000000044 T setsysGetFirmwareVersion
0000000000011c50 0000000000000060 t _nvFenceEventWaitCommon
0000000000011cb0 000000000000005c T nvFenceInit
0000000000011d10 0000000000000098 T nvFenceExit
0000000000011db0 00000000000001e4 T nvFenceWait
0000000000011fa0 000000000000007c T nvMultiFenceWait
0000000000012020 000000000000006c T nvMapInit
0000000000012090 0000000000000068 T nvMapExit
0000000000012100 0000000000000084 T nvMapClose
0000000000012190 0000000000000150 T nvMapCreate
00000000000122e0 0000000000000024 T nvioctlNvhostCtrl_EventSignal
0000000000012310 000000000000003c T nvioctlNvhostCtrl_EventWait
0000000000012350 0000000000000028 T nvioctlNvhostCtrl_EventWaitAsync
0000000000012380 0000000000000024 T nvioctlNvhostCtrl_EventRegister
00000000000123b0 0000000000000024 T nvioctlNvhostCtrl_EventUnregister
00000000000123e0 000000000000003c T nvioctlNvmap_Create
0000000000012420 0000000000000030 T nvioctlNvmap_Alloc
0000000000012450 0000000000000030 T nvioctlNvmap_Free
0000000000012480 000000000000003c T nvioctlNvmap_GetId
00000000000124c0 00000000000000e8 T bqRequestBuffer
00000000000125b0 0000000000000154 T bqDequeueBuffer
0000000000012710 000000000000009c T bqDetachBuffer
00000000000127b0 00000000000000e0 T bqQueueBuffer
0000000000012890 0000000000000090 T bqCancelBuffer
0000000000012920 00000000000000e4 T bqConnect
0000000000012a10 000000000000009c T bqDisconnect
0000000000012ab0 0000000000000178 T bqSetPreallocatedBuffer
0000000000012c30 0000000000000138 t _binderTransactParcel
0000000000012d70 00000000000000c8 t ipcQueryPointerBufferSize
0000000000012e40 0000000000000248 t _binderTransactParcelAuto
0000000000013090 0000000000000014 T binderCreate
00000000000130b0 0000000000000010 T binderTransactParcel
00000000000130c0 0000000000000124 T binderConvertErrorCode
00000000000131f0 00000000000000e8 T binderAdjustRefcount
00000000000132e0 0000000000000074 T binderClose
0000000000013360 00000000000000c8 T binderInitSession
0000000000013430 0000000000000144 T binderGetNativeHandle
0000000000013580 0000000000000028 T parcelCreate
00000000000135b0 000000000000019c T parcelTransact
0000000000013750 0000000000000088 T parcelWriteData
00000000000137e0 0000000000000098 T parcelReadData
0000000000013880 0000000000000020 T parcelWriteInt32
00000000000138a0 0000000000000020 T parcelWriteUInt32
00000000000138c0 0000000000000080 T parcelWriteString16
0000000000013940 0000000000000030 T parcelWriteInterfaceToken
0000000000013970 0000000000000024 T parcelReadInt32
00000000000139a0 0000000000000068 T parcelReadFlattenedObject
0000000000013a10 0000000000000044 T parcelWriteFlattenedObject
0000000000013a60 00000000000000c4 T nxlinkSetup
0000000000013b28 0000000000000018 T abort
0000000000013b40 0000000000000038 T aligned_alloc
0000000000013b78 00000000000000b8 T bsearch
0000000000013c30 0000000000000030 T calloc
0000000000013c60 0000000000000094 T _calloc_r
0000000000013cf8 0000000000000014 T __errno
0000000000013d10 0000000000000044 T __libc_fini_array
0000000000013d58 00000000000000e0 T _fwrite_r
0000000000013e38 0000000000000040 T fwrite
0000000000013e78 0000000000000028 T gmtime
0000000000013ea0 0000000000000290 T gmtime_r
0000000000014130 000000000000008c T __libc_init_array
00000000000141c0 0000000000000028 T localtime
00000000000141e8 0000000000000380 T localtime_r
0000000000014568 0000000000000030 T memalign
0000000000014598 0000000000000198 T _memalign_r
0000000000014730 000000000000001c T malloc
0000000000014750 000000000000001c T free
0000000000014770 000000000000087c T _malloc_r
0000000000014fec 00000000000000d8 T memchr
0000000000015100 000000000000016c T memcpy
0000000000015280 00000000000001dc T memset
0000000000015460 000000000000000c T __malloc_lock
0000000000015470 000000000000000c T __malloc_unlock
0000000000015480 000000000000008c T printf
0000000000015510 0000000000000020 T putchar
0000000000015530 00000000000000e0 T _putc_r
0000000000015610 00000000000000d4 T _puts_r
00000000000156e8 000000000000001c T puts
0000000000015708 000000000000003c T setenv
0000000000015748 0000000000000264 T _setenv_r
00000000000159b0 000000000000025c T setvbuf
0000000000015c10 00000000000000b4 T _raise_r
0000000000015cc8 000000000000001c T raise
0000000000015ce8 00000000000000bc T sscanf
0000000000015da8 0000000000000050 T __sread
0000000000015df8 0000000000000008 T __seofread
0000000000015e00 000000000000006c T __swrite
0000000000015e70 0000000000000050 T __sseek
0000000000015ec0 0000000000000008 T __sclose
0000000000015ec8 00000000000000dc T strchr
0000000000015fc0 00000000000001b8 T strcpy
0000000000016178 0000000000000170 t iso_year_adjust
00000000000162e8 0000000000000f18 t __strftime
0000000000017200 0000000000000048 T strftime
0000000000017280 0000000000000140 T strlen
00000000000173c0 0000000000000084 T strncat
000000000001749c 00000000000001b8 T strncmp
0000000000017658 00000000000000a8 T strncpy
0000000000017724 00000000000000e0 T strnlen
00000000000177e0 00000000000001ac t _strtoul_l.isra.0
0000000000017990 0000000000000034 T _strtoul_r
00000000000179c8 0000000000000048 T strtoul
0000000000017a10 000000000000005c t get_arg
0000000000017a6c 0000000000002fd8 T __ssvfscanf_r
000000000001aa48 0000000000000040 T time
000000000001aa88 0000000000000230 T __tzcalc_limits
000000000001acb8 000000000000000c T __tz_lock
000000000001acc8 000000000000000c T __tz_unlock
000000000001acd8 0000000000000014 T _tzset_unlocked
000000000001acf0 000000000000050c T _tzset_unlocked_r
000000000001b1fc 000000000000076c t get_arg
000000000001b968 0000000000003c28 T _vfprintf_r
000000000001f590 00000000000000ec t __sbprintf
000000000001f680 0000000000000118 T __swbuf_r
000000000001f798 00000000000000d0 T _wcrtomb_r
000000000001f868 0000000000000010 T _wcsrtombs_r
000000000001f878 0000000000000140 T __swsetup_r
000000000001f9b8 000000000000000c T abs
000000000001f9c8 0000000000000124 T __call_exitprocs
000000000001faf0 00000000000001a8 t quorem
000000000001fc98 00000000000010dc T _dtoa_r
0000000000020d78 000000000000000c T __env_lock
0000000000020d88 000000000000000c T __env_unlock
0000000000020d98 0000000000000214 T __sflush_r
0000000000020fb0 00000000000000b8 T _fflush_r
0000000000021068 0000000000000078 t std
00000000000210e0 000000000000000c T _cleanup_r
00000000000210f0 000000000000000c T __sfp_lock_acquire
0000000000021100 000000000000000c T __sfp_lock_release
0000000000021110 000000000000000c T __sinit_lock_acquire
0000000000021120 000000000000000c T __sinit_lock_release
0000000000021130 0000000000000080 T __sinit
00000000000211b0 0000000000000118 T _malloc_trim_r
00000000000212c8 00000000000002f4 T _free_r
00000000000215c0 00000000000004b8 T __sfvwrite_r
0000000000021a78 00000000000000bc T _fwalk_reent
0000000000021b38 0000000000000100 T _findenv_r
0000000000021c38 0000000000000018 T _getenv_r
0000000000021c50 000000000000000c T __gettzinfo
0000000000021c60 0000000000000008 T iswspace
0000000000021c68 000000000000000c T labs
0000000000021c78 0000000000000008 T __localeconv_l
0000000000021c80 0000000000000028 T _localeconv_r
0000000000021ca8 000000000000002c T __locale_mb_cur_max
0000000000021cd8 00000000000000a4 T __swhatbuf_r
0000000000021d80 000000000000010c T __smakebuf_r
0000000000021e90 00000000000000d8 T _mbrtowc_r
0000000000021f68 00000000000002c8 T __utf8_mbtowc
0000000000022240 00000000000000ac T memmove
00000000000222f0 0000000000000090 T _Balloc
0000000000022380 000000000000001c T _Bfree
00000000000223a0 00000000000000e8 T __multadd
0000000000022488 0000000000000120 T __s2b
00000000000225a8 000000000000005c T __hi0bits
0000000000022608 00000000000000a0 T __lo0bits
00000000000226a8 000000000000002c T __i2b
00000000000226d8 00000000000001c8 T __multiply
00000000000228a0 0000000000000104 T __pow5mult
00000000000229a8 0000000000000134 T __lshift
0000000000022ae0 0000000000000050 T __mcmp
0000000000022b30 000000000000014c T __mdiff
0000000000022c80 0000000000000068 T __ulp
0000000000022ce8 0000000000000150 T __b2d
0000000000022e38 0000000000000138 T __d2b
0000000000022f70 00000000000000a0 T __ratio
0000000000023010 0000000000000068 T __copybits
0000000000023078 0000000000000084 T __any_on
0000000000023100 0000000000000030 T realloc
0000000000023130 000000000000056c T _realloc_r
00000000000236a0 00000000000000bc T __sccl
0000000000023760 000000000000000c T nanf
0000000000023770 000000000000007c T frexp
00000000000237f0 00000000000000bc T siscanf
00000000000238b0 000000000000014c T sniprintf
0000000000023a00 00000000000000a8 T sprintf
0000000000023aa8 00000000000000c8 T stpncpy
0000000000023b80 00000000000000e4 T strcmp
0000000000023c68 0000000000000054 t sulp
0000000000023cc0 00000000000010e8 T _strtod_l
0000000000024da8 0000000000000040 T _strtod_r
0000000000024de8 00000000000001a0 t _strtoll_l.isra.0
0000000000024f88 0000000000000034 T _strtoll_r
0000000000024fc0 00000000000001a0 t _strtol_l.isra.0
0000000000025160 0000000000000034 T _strtol_r
0000000000025198 00000000000001ac t _strtoull_l.isra.0
0000000000025348 0000000000000034 T _strtoull_r
000000000002537c 000000000000076c t get_arg
0000000000025ae8 00000000000001c0 T __ssprint_r
0000000000025ca8 00000000000028ec T _svfiprintf_r
0000000000028594 000000000000005c t get_arg
00000000000285f0 00000000000000f4 T _sungetc_r
00000000000286e4 0000000000000070 T __ssrefill_r
0000000000028754 00000000000000e0 T _sfread_r
0000000000028834 0000000000002804 T __ssvfiscanf_r
000000000002b038 000000000000076c t get_arg
000000000002b7a4 0000000000003b38 T _svfprintf_r
000000000002f2e0 00000000000000c8 T __submore
000000000002f3a8 000000000000003c T __sprint_r
000000000002f3e8 00000000000001dc T _wcsnrtombs_l
000000000002f5c8 0000000000000054 T _wcsnrtombs_r
000000000002f620 00000000000000e4 T __utf8_wctomb
000000000002f708 000000000000015c T _fclose_r
000000000002f868 0000000000000114 t rshift
000000000002f980 00000000000007e8 T __gethex
0000000000030168 0000000000000048 T __match
00000000000301b0 000000000000022c T __hexnan
00000000000303e0 000000000000004c T iswspace_l
0000000000030430 0000000000000244 t __jp2uc
0000000000030678 00000000000000bc T _jp2uc_l
0000000000030738 000000000000000c T nan
0000000000030748 0000000000000088 T category
00000000000307d0 0000000000000008 t null_write
00000000000307d8 0000000000000018 T setDefaultDevice
00000000000307f0 0000000000000108 T FindDevice
00000000000308f8 0000000000000034 T RemoveDevice
0000000000030930 00000000000000d8 T AddDevice
0000000000030a08 00000000000000a8 T _close_r
0000000000030ab0 0000000000000080 T _fstat_r
0000000000030b30 0000000000000010 T _getpid_r
0000000000030b40 0000000000000024 T _gettimeofday_r
0000000000030b68 0000000000000008 T _isatty_r
0000000000030b70 0000000000000010 T _kill_r
0000000000030b80 0000000000000094 T _lseek_r
0000000000030c18 00000000000000a4 T _read_r
0000000000030cc0 0000000000000078 T _sbrk_r
0000000000030d38 00000000000000a4 T _write_r
0000000000030de0 0000000000000020 T _exit
0000000000030e00 0000000000000234 T _concatenate_path
0000000000031038 0000000000000178 T chdir
00000000000311b0 0000000000000014 T __libc_lock_acquire
00000000000311c8 0000000000000014 T __libc_lock_release
00000000000311e0 000000000000000c T __libc_lock_init_recursive
00000000000311f0 0000000000000014 T __libc_lock_acquire_recursive
0000000000031208 0000000000000014 T __libc_lock_release_recursive
0000000000031220 0000000000000004 T __libc_lock_close_recursive
0000000000031228 000000000000003c T __free_handle
0000000000031268 0000000000000058 T __release_handle
00000000000312c0 0000000000000020 T __get_handle
00000000000312e0 0000000000000020 T __getreent
0000000000031300 0000000000000150 t __extenddftf2
0000000000031450 0000000000000348 t __trunctfdf2
0000000000031798 0000000000000070 t __sfp_handle_exceptions
0000000000031808 0000000000000100 T strrchr
0000000000031908 T _fini
00000000000325c0 0000000000000020 r atanhi
00000000000325e0 0000000000000020 r atanlo
0000000000032638 0000000000000080 r npio2_hw
00000000000326b8 0000000000000108 r two_over_pi
00000000000327f0 0000000000000040 r PIo2
0000000000032838 0000000000000010 r init_jk
0000000000032900 0000000000000014 r CSWTCH.91
0000000000032a60 0000000000000030 r colorTable
0000000000032a90 R default_font_bin
0000000000034a90 R default_font_bin_end
0000000000034a90 R default_font_bin_size
0000000000034aa0 0000000000000038 r g_nvColorFmtTable
0000000000034ae8 0000000000000018 r error_table
0000000000034b80 0000000000000023 r g_bq_InterfaceDescriptor
0000000000034bb8 0000000000000101 R _ctype_
0000000000034cc0 0000000000000060 R __month_lengths
0000000000034f28 0000000000000022 r basefix.6623
0000000000035240 0000000000000010 r blanks.6605
0000000000035250 0000000000000010 r zeroes.6606
00000000000352f8 0000000000000028 R __mprec_bigtens
0000000000035320 00000000000000c8 R __mprec_tens
00000000000353e8 000000000000000c r p05.5339
0000000000035428 0000000000000014 r fpi.5419
0000000000035440 0000000000000014 r fpinan.5455
0000000000035458 0000000000000028 r tinytens
00000000000355d0 000000000000006c R __action_table
0000000000035640 0000000000000100 R __chclass
0000000000035740 000000000000006c R __state_table
00000000000357b0 0000000000000010 r blanks.6569
00000000000357c0 0000000000000010 r zeroes.6570
00000000000357d0 0000000000000022 r basefix.6125
0000000000035940 0000000000000010 r blanks.6590
0000000000035950 0000000000000010 r zeroes.6591
0000000000035960 0000000000000100 R __hexdig
0000000000035a78 00000000000000bc r a1
0000000000035b38 00000000000000bc r a2
0000000000035bf8 000000000000005b r a3
0000000000035c58 0000000000000070 r a6
0000000000035cc8 00000000000000a2 r a7
0000000000035d70 0000000000000040 r a8
0000000000035db0 000000000000172a r b02cf
00000000000374e0 0000000000001a7c r d02f4
0000000000038f60 000000000000309c r categories
000000000003c008 0000000000000003 R DIRECTORY_PARENT
000000000003c010 r __EH_FRAME_BEGIN__
000000000003c010 R __eh_frame_hdr_end
000000000003c010 R __eh_frame_hdr_start
00000000000421ac r __FRAME_END__
00000000000421b0 a _DYNAMIC
0000000000046000 t __frame_dummy_init_array_entry
0000000000046000 T __init_array_start
0000000000046000 B __preinit_array_end
0000000000046000 B __preinit_array_start
0000000000046000 D __tdata_lma
0000000000046000 D __tdata_lma_end
0000000000046008 t __do_global_dtors_aux_fini_array_entry
0000000000046008 T __fini_array_start
0000000000046008 T __init_array_end
0000000000046010 T __fini_array_end
0000000000046010 T __got_start__
0000000000046010 a _GLOBAL_OFFSET_TABLE_
00000000000462b0 D __got_end__
00000000000462d8 0000000000000060 D months
0000000000046338 0000000000000038 D weekDays
0000000000046370 0000000000000001 V __nx_applet_auto_notifyrunning
0000000000046374 0000000000000004 V __nx_applet_type
0000000000046378 0000000000000001 d firstConsoleInit.6156
0000000000046380 0000000000000058 d defaultConsole
00000000000463d8 0000000000000008 d currentConsole
00000000000463e0 00000000000000e0 d dotab_stdout
00000000000464c0 0000000000000088 d s_consoleSwRenderer
0000000000046548 0000000000000008 V __nx_exception_stack_size
0000000000046550 0000000000000401 d __cwd
0000000000046954 0000000000000004 d fsdev_fsdevice_cwd
0000000000046958 0000000000000004 d fsdev_fsdevice_default
0000000000046960 00000000000000e0 d fsdev_devoptab
0000000000046a40 0000000000000004 V __nx_vi_stray_layer_flags
0000000000046a44 0000000000000004 d g_viServiceType
0000000000046a48 0000000000000004 V __nx_nv_transfermem_size
0000000000046a4c 0000000000000004 d g_ctrl_fd
0000000000046a50 0000000000000004 d g_nvmap_fd
0000000000046a58 0000000000000008 D _impure_ptr
0000000000046a60 0000000000000768 d impure_data
00000000000471c8 0000000000000008 D _global_impure_ptr
00000000000471d0 0000000000000008 D __malloc_sbrk_base
00000000000471d8 0000000000000008 D __malloc_trim_threshold
00000000000471e0 0000000000000810 D __malloc_av_
00000000000479f0 00000000000001f8 D _C_time_locale
0000000000047be8 0000000000000010 D _tzname
0000000000047bf8 0000000000000008 D environ
0000000000047c00 0000000000000058 d tzinfo
0000000000047c58 00000000000001a8 D __global_locale
0000000000047e00 0000000000000002 d numempty
0000000000047e08 0000000000000018 D _C_numeric_locale
0000000000047e20 0000000000000004 d defaultDevice
0000000000047e28 0000000000000080 D devoptab_list
0000000000047ea8 00000000000000e0 D dotab_stdnull
0000000000047f88 0000000000000400 d _current_working_directory
0000000000048388 0000000000000010 d __stderr_handle
0000000000048398 0000000000000010 d __stdin_handle
00000000000483a8 0000000000000010 d __stdout_handle
00000000000483b8 0000000000002000 d handles
000000000004a3b8 D __bss_start__
000000000004a3b8 D __TMC_END__
000000000004a3b8 b completed.7870
000000000004a3c0 b object.7875
000000000004a3f0 0000000000000008 V __nx_applet_PerformanceConfiguration
000000000004a3f8 0000000000000004 V __nx_applet_exit_mode
000000000004a3fc 0000000000000001 b g_appletExitProcessFlag
000000000004a400 0000000000000018 b g_appletFirstHook
000000000004a418 0000000000000001 b g_appletFocusState
000000000004a420 000000000000000c b g_appletIApplicationCreator
000000000004a430 000000000000000c b g_appletIAudioController
000000000004a440 000000000000000c b g_appletICommonStateGetter
000000000004a450 000000000000000c b g_appletIDebugFunctions
000000000004a460 000000000000000c b g_appletIDisplayController
000000000004a470 000000000000000c b g_appletIFunctions
000000000004a480 000000000000000c b g_appletIGlobalStateController
000000000004a490 000000000000000c b g_appletILibraryAppletCreator
000000000004a4a0 000000000000000c b g_appletILibraryAppletSelfAccessor
000000000004a4b0 000000000000000c b g_appletIProcessWindingController
000000000004a4c0 000000000000000c b g_appletISelfController
000000000004a4d0 000000000000000c b g_appletIWindowController
000000000004a4e0 000000000000000c b g_appletLibraryAppletLaunchableEvent
000000000004a4f0 000000000000000c b g_appletMessageEvent
000000000004a4fc 0000000000000001 b g_appletNotifiedRunning
000000000004a4fd 0000000000000001 b g_appletOperationMode
000000000004a500 0000000000000004 b g_appletPerformanceMode
000000000004a508 000000000000000c b g_appletProxySession
000000000004a514 0000000000000004 b g_appletRecordingInitialized
000000000004a518 0000000000000028 b g_appletRecordingTmem
000000000004a540 0000000000000008 b g_appletResourceUserId
000000000004a548 000000000000000c b g_appletSrv
000000000004a558 0000000000000008 b g_refCnt
000000000004a560 0000000000000050 b g_controllerDown
000000000004a5b0 00000000000001e0 b g_controllerEntries
000000000004a790 0000000000000190 b g_controllerHeaders
000000000004a920 0000000000000050 b g_controllerHeld
000000000004a970 0000000000000028 b g_controllerLayout
000000000004a998 0000000000000050 b g_controllerOld
000000000004a9e8 0000000000000004 b g_controllerP1AutoID
000000000004a9f0 0000000000000050 b g_controllerTimestamps
000000000004aa40 0000000000000050 b g_controllerUp
000000000004aa90 000000000000000c b g_hidIAppletResource
000000000004aaa0 0000000000000010 b g_hidLock
000000000004aab0 0000000000000020 b g_hidSharedmem
000000000004aad0 000000000000000c b g_hidSrv
000000000004aae0 0000000000000020 b g_keyboardDown
000000000004ab00 0000000000000038 b g_keyboardEntry
000000000004ab38 0000000000000020 b g_keyboardHeld
000000000004ab58 0000000000000008 b g_keyboardModDown
000000000004ab60 0000000000000008 b g_keyboardModHeld
000000000004ab68 0000000000000008 b g_keyboardModOld
000000000004ab70 0000000000000008 b g_keyboardModUp
000000000004ab78 0000000000000020 b g_keyboardOld
000000000004ab98 0000000000000008 b g_keyboardTimestamp
000000000004aba0 0000000000000020 b g_keyboardUp
000000000004abc0 0000000000000400 b g_mouse
000000000004afc0 0000000000000008 b g_mouseDown
000000000004afc8 0000000000000008 b g_mouseEntry
000000000004afd0 0000000000000008 b g_mouseHeld
000000000004afd8 0000000000000008 b g_mouseOld
000000000004afe0 0000000000000008 b g_mouseTimestamp
000000000004afe8 0000000000000008 b g_mouseUp
000000000004aff0 0000000000000008 b g_refCnt
000000000004aff8 000000000000000a b g_sixaxisEnabled
000000000004b008 0000000000004650 b g_sixaxisLayouts
000000000004f658 0000000000000298 b g_touchEntry
000000000004f8f0 0000000000000008 b g_touchTimestamp
000000000004f8f8 000000000000000c b g_apmISession
000000000004f908 000000000000000c b g_apmSrv
000000000004f918 0000000000000008 b g_refCnt
000000000004f920 0000000000000008 b g_refCnt
000000000004f928 0000000000000004 b g_smHandle
000000000004f930 0000000000000200 b g_smOverrides
000000000004fb30 0000000000000008 b g_smOverridesNum
000000000004fb38 0000000000000004 b g_hosVersion
000000000004fb3c 0000000000000001 b g_hasRandomSeed
000000000004fb3d 0000000000000001 b g_isNso
000000000004fb40 0000000000000004 b g_lastLoadResult
000000000004fb48 0000000000000008 b g_loaderRetAddr
000000000004fb50 0000000000000004 b g_mainThreadHandle
000000000004fb58 0000000000000008 b g_nextLoadArgv
000000000004fb60 0000000000000008 b g_nextLoadPath
000000000004fb68 0000000000000008 b g_overrideArgv
000000000004fb70 0000000000000008 b g_overrideHeapAddr
000000000004fb78 0000000000000008 b g_overrideHeapSize
000000000004fb80 0000000000000004 b g_processHandle
000000000004fb88 0000000000000010 b g_randomSeed
000000000004fb98 0000000000000010 b g_syscallHints
000000000004fba8 0000000000000058 b currentCopy
000000000004fc00 0000000000000004 b g_Version
000000000004fc04 0000000000000001 b g_VersionCached
000000000004fc08 0000000000000004 b g_VersionMutex
000000000004fc10 0000000000000010 b g_AddressSpace
000000000004fc20 0000000000000008 b g_CurrentAddr
000000000004fc28 0000000000000030 b g_Region
000000000004fc58 0000000000000004 b g_VirtMemMutex
000000000004fc60 0000000000000078 b g_defaultWin
000000000004fcd8 0000000000000050 b g_viDisplay
000000000004fd28 0000000000000010 b g_viLayer
000000000004fd38 0000000000000004 V __nx_exception_ignoredebug
000000000004fd40 0000000000000400 V __nx_exception_stack
0000000000050140 0000000000000008 V __nx_heap_size
0000000000050148 0000000000000008 b __bootticks
0000000000050150 0000000000000008 b __boottime
0000000000050158 0000000000000004 V __nx_time_type
0000000000050160 0000000000000008 b g_argv_empty
0000000000050168 0000000000002300 b fsdev_fsdevices
0000000000052468 0000000000000001 b fsdev_initialised
0000000000052470 0000000000000008 b g_refCnt
0000000000052478 000000000000000c b g_timeLocalSystemClock
0000000000052488 000000000000000c b g_timeNetworkSystemClock
0000000000052498 000000000000000c b g_timeSrv
00000000000524a8 000000000000000c b g_timeTimeZoneService
00000000000524b8 000000000000000c b g_timeUserSystemClock
00000000000524c8 0000000000000008 V __nx_vi_layer_id
00000000000524d0 000000000000000c b g_viIApplicationDisplayService
00000000000524e0 000000000000000c b g_viIHOSBinderDriverIndirect
00000000000524f0 000000000000000c b g_viIHOSBinderDriverRelay
0000000000052500 000000000000000c b g_viIManagerDisplayService
0000000000052510 000000000000000c b g_viISystemDisplayService
0000000000052520 0000000000000008 b g_nvIpcBufferSize
0000000000052528 000000000000000c b g_nvSrv
0000000000052538 000000000000000c b g_nvSrvClone
0000000000052548 0000000000000028 b g_nvTransfermem
0000000000052570 0000000000000008 b g_refCnt
0000000000052578 000000000000000c b g_fsSrv
0000000000052588 0000000000000008 b g_refCnt
0000000000052590 0000000000000008 b g_refCntSys
0000000000052598 000000000000000c b g_setsysSrv
00000000000525a8 0000000000000008 b g_NvEventUsedMask
00000000000525b0 0000000000000300 b g_NvEvents
00000000000528b0 0000000000000008 b g_refCnt
00000000000528b8 0000000000000008 b g_refCnt
00000000000528c0 0000000000000028 B __malloc_current_mallinfo
00000000000528e8 0000000000000008 B __malloc_max_sbrked_mem
00000000000528f0 0000000000000008 B __malloc_max_total_mem
00000000000528f8 0000000000000008 B __malloc_top_pad
0000000000052900 000000000000000c b __malloc_recursive_mutex
000000000005290c 0000000000000004 b alloced.4086
0000000000052910 0000000000000004 b __tz_mutex
0000000000052918 000000000000000b b __tzname_dst
0000000000052928 000000000000000b b __tzname_std
0000000000052938 0000000000000008 b prev_tzenv
0000000000052940 0000000000000004 B _daylight
0000000000052948 0000000000000008 B _timezone
0000000000052950 000000000000000c B __atexit_recursive_mutex
0000000000052960 0000000000000008 b initial_env
0000000000052968 000000000000000c b __env_recursive_mutex
0000000000052978 000000000000000c b __sfp_recursive_mutex
0000000000052988 000000000000000c b __sinit_recursive_mutex
0000000000052998 0000000000000008 b heap_start.5295
00000000000529a0 0000000000000008 B fake_heap_end
00000000000529a8 0000000000000008 B fake_heap_start
00000000000529b0 0000000000000400 b temp_cwd
0000000000052db0 0000000000000004 b __hndl_lock
0000000000052dc0 0000000000000340 B __nx_exceptiondump
0000000000053100 0000000000000008 B __stack_top
0000000000053108 0000000000000008 B __system_argv
0000000000053110 0000000000000004 B __system_argc
0000000000053118 0000000000000004 B __nxlink_host
0000000000053120 B __tls_start
0000000000057528 B __bss_end__
0000000000057528 A __end__
0000000000057528 B __tls_end
0000000000058000 A __argdata__
